  [1m[36m (1.4ms)[0m  [1mCREATE TABLE "schema_migrations" ("version" varchar NOT NULL) [0m
  [1m[35m (0.1ms)[0m  select sqlite_version(*)
  [1m[36m (1.1ms)[0m  [1mCREATE UNIQUE INDEX "unique_schema_migrations" ON "schema_migrations" ("version")[0m
  [1m[35mActiveRecord::SchemaMigration Load (0.1ms)[0m  SELECT "schema_migrations".* FROM "schema_migrations"


Started GET "/" for ::1 at 2015-11-16 16:12:00 -0600
Processing by Rails::WelcomeController#index as HTML
  Rendered /Users/admin/.rvm/gems/ruby-2.1.2/gems/railties-4.2.3/lib/rails/templates/rails/welcome/index.html.erb (1.9ms)
Completed 200 OK in 48ms (Views: 36.7ms | ActiveRecord: 0.0ms)
Started GET "/" for ::1 at 2019-04-25 16:59:47 -0500
Started GET "/" for ::1 at 2019-04-25 16:59:47 -0500
Started GET "/hello_world" for ::1 at 2019-04-25 17:03:50 -0500
Processing by StaticController#hello_world as HTML
  Rendering static/hello_world.erb within layouts/application
  Rendered static/hello_world.erb within layouts/application (1.4ms)
Completed 200 OK in 387ms (Views: 379.6ms | ActiveRecord: 0.0ms)


Started GET "/" for ::1 at 2019-04-25 17:04:02 -0500
Processing by Rails::WelcomeController#index as HTML
  Parameters: {"internal"=>true}
  Rendering /Users/flatironstudentaccount/.rvm/gems/ruby-2.6.1/gems/railties-5.0.7.2/lib/rails/templates/rails/welcome/index.html.erb
  Rendered /Users/flatironstudentaccount/.rvm/gems/ruby-2.6.1/gems/railties-5.0.7.2/lib/rails/templates/rails/welcome/index.html.erb (7.0ms)
Completed 200 OK in 14ms (Views: 9.9ms | ActiveRecord: 0.0ms)


Started GET "/hello_world" for ::1 at 2019-04-25 17:04:09 -0500
Processing by StaticController#hello_world as HTML
  Rendering static/hello_world.erb within layouts/application
  Rendered static/hello_world.erb within layouts/application (0.7ms)
Completed 200 OK in 61ms (Views: 56.4ms | ActiveRecord: 0.0ms)


